2026-05-31 18:30:01,778 - INFO - === USOM URL Processor Başlatılıyor ===
2026-05-31 18:30:01,779 - INFO - USOM Processor başlatıldı
2026-05-31 18:30:01,779 - INFO - USOM URL işleme başlatılıyor...
2026-05-31 18:30:01,779 - INFO - USOM URL listesi çekiliyor... (Deneme 1/8)
2026-05-31 18:30:14,659 - INFO - URL listesi başarıyla çekildi (10664404 karakter)
2026-05-31 18:30:14,659 - INFO - URL'ler kategorize ediliyor...
2026-05-31 18:30:14,699 - INFO - Toplam 474185 satır işleniyor...
2026-05-31 18:30:14,877 - INFO - İşlenen: 1000/474185
2026-05-31 18:30:14,896 - INFO - İşlenen: 2000/474185
2026-05-31 18:30:14,915 - INFO - İşlenen: 3000/474185
2026-05-31 18:30:14,935 - INFO - İşlenen: 4000/474185
2026-05-31 18:30:14,955 - INFO - İşlenen: 5000/474185
2026-05-31 18:30:14,974 - INFO - İşlenen: 6000/474185
2026-05-31 18:30:14,993 - INFO - İşlenen: 7000/474185
2026-05-31 18:30:15,012 - INFO - İşlenen: 8000/474185
2026-05-31 18:30:15,032 - INFO - İşlenen: 9000/474185
2026-05-31 18:30:15,052 - INFO - İşlenen: 10000/474185
2026-05-31 18:30:15,072 - INFO - İşlenen: 11000/474185
2026-05-31 18:30:15,091 - INFO - İşlenen: 12000/474185
2026-05-31 18:30:15,110 - INFO - İşlenen: 13000/474185
2026-05-31 18:30:15,130 - INFO - İşlenen: 14000/474185
2026-05-31 18:30:15,149 - INFO - İşlenen: 15000/474185
2026-05-31 18:30:15,169 - INFO - İşlenen: 16000/474185
2026-05-31 18:30:15,189 - INFO - İşlenen: 17000/474185
2026-05-31 18:30:15,208 - INFO - İşlenen: 18000/474185
2026-05-31 18:30:15,228 - INFO - İşlenen: 19000/474185
2026-05-31 18:30:15,247 - INFO - İşlenen: 20000/474185
2026-05-31 18:30:15,274 - INFO - İşlenen: 21000/474185
2026-05-31 18:30:15,294 - INFO - İşlenen: 22000/474185
2026-05-31 18:30:15,314 - INFO - İşlenen: 23000/474185
2026-05-31 18:30:15,335 - INFO - İşlenen: 24000/474185
2026-05-31 18:30:15,356 - INFO - İşlenen: 25000/474185
2026-05-31 18:30:15,376 - INFO - İşlenen: 26000/474185
2026-05-31 18:30:15,396 - INFO - İşlenen: 27000/474185
2026-05-31 18:30:15,416 - INFO - İşlenen: 28000/474185
2026-05-31 18:30:15,436 - INFO - İşlenen: 29000/474185
2026-05-31 18:30:15,457 - INFO - İşlenen: 30000/474185
2026-05-31 18:30:15,477 - INFO - İşlenen: 31000/474185
2026-05-31 18:30:15,496 - INFO - İşlenen: 32000/474185
2026-05-31 18:30:15,516 - INFO - İşlenen: 33000/474185
2026-05-31 18:30:15,536 - INFO - İşlenen: 34000/474185
2026-05-31 18:30:15,555 - INFO - İşlenen: 35000/474185
2026-05-31 18:30:15,575 - INFO - İşlenen: 36000/474185
2026-05-31 18:30:15,597 - INFO - İşlenen: 37000/474185
2026-05-31 18:30:15,617 - INFO - İşlenen: 38000/474185
2026-05-31 18:30:15,637 - INFO - İşlenen: 39000/474185
2026-05-31 18:30:15,657 - INFO - İşlenen: 40000/474185
2026-05-31 18:30:15,677 - INFO - İşlenen: 41000/474185
2026-05-31 18:30:15,697 - INFO - İşlenen: 42000/474185
2026-05-31 18:30:15,717 - INFO - İşlenen: 43000/474185
2026-05-31 18:30:15,737 - INFO - İşlenen: 44000/474185
2026-05-31 18:30:15,755 - INFO - İşlenen: 45000/474185
2026-05-31 18:30:15,775 - INFO - İşlenen: 46000/474185
2026-05-31 18:30:15,794 - INFO - İşlenen: 47000/474185
2026-05-31 18:30:15,814 - INFO - İşlenen: 48000/474185
2026-05-31 18:30:15,834 - INFO - İşlenen: 49000/474185
2026-05-31 18:30:15,854 - INFO - İşlenen: 50000/474185
2026-05-31 18:30:15,874 - INFO - İşlenen: 51000/474185
2026-05-31 18:30:15,892 - INFO - İşlenen: 52000/474185
2026-05-31 18:30:15,913 - INFO - İşlenen: 53000/474185
2026-05-31 18:30:15,933 - INFO - İşlenen: 54000/474185
2026-05-31 18:30:15,953 - INFO - İşlenen: 55000/474185
2026-05-31 18:30:15,973 - INFO - İşlenen: 56000/474185
2026-05-31 18:30:15,992 - INFO - İşlenen: 57000/474185
2026-05-31 18:30:16,013 - INFO - İşlenen: 58000/474185
2026-05-31 18:30:16,033 - INFO - İşlenen: 59000/474185
2026-05-31 18:30:16,053 - INFO - İşlenen: 60000/474185
2026-05-31 18:30:16,073 - INFO - İşlenen: 61000/474185
2026-05-31 18:30:16,093 - INFO - İşlenen: 62000/474185
2026-05-31 18:30:16,113 - INFO - İşlenen: 63000/474185
2026-05-31 18:30:16,133 - INFO - İşlenen: 64000/474185
2026-05-31 18:30:16,153 - INFO - İşlenen: 65000/474185
2026-05-31 18:30:16,173 - INFO - İşlenen: 66000/474185
2026-05-31 18:30:16,193 - INFO - İşlenen: 67000/474185
2026-05-31 18:30:16,214 - INFO - İşlenen: 68000/474185
2026-05-31 18:30:16,234 - INFO - İşlenen: 69000/474185
2026-05-31 18:30:16,254 - INFO - İşlenen: 70000/474185
2026-05-31 18:30:16,274 - INFO - İşlenen: 71000/474185
2026-05-31 18:30:16,295 - INFO - İşlenen: 72000/474185
2026-05-31 18:30:16,314 - INFO - İşlenen: 73000/474185
2026-05-31 18:30:16,335 - INFO - İşlenen: 74000/474185
2026-05-31 18:30:16,355 - INFO - İşlenen: 75000/474185
2026-05-31 18:30:16,375 - INFO - İşlenen: 76000/474185
2026-05-31 18:30:16,396 - INFO - İşlenen: 77000/474185
2026-05-31 18:30:16,416 - INFO - İşlenen: 78000/474185
2026-05-31 18:30:16,436 - INFO - İşlenen: 79000/474185
2026-05-31 18:30:16,457 - INFO - İşlenen: 80000/474185
2026-05-31 18:30:16,477 - INFO - İşlenen: 81000/474185
2026-05-31 18:30:16,499 - INFO - İşlenen: 82000/474185
2026-05-31 18:30:16,520 - INFO - İşlenen: 83000/474185
2026-05-31 18:30:16,540 - INFO - İşlenen: 84000/474185
2026-05-31 18:30:16,561 - INFO - İşlenen: 85000/474185
2026-05-31 18:30:16,583 - INFO - İşlenen: 86000/474185
2026-05-31 18:30:16,604 - INFO - İşlenen: 87000/474185
2026-05-31 18:30:16,624 - INFO - İşlenen: 88000/474185
2026-05-31 18:30:16,644 - INFO - İşlenen: 89000/474185
2026-05-31 18:30:16,664 - INFO - İşlenen: 90000/474185
2026-05-31 18:30:16,686 - INFO - İşlenen: 91000/474185
2026-05-31 18:30:16,706 - INFO - İşlenen: 92000/474185
2026-05-31 18:30:16,727 - INFO - İşlenen: 93000/474185
2026-05-31 18:30:16,748 - INFO - İşlenen: 94000/474185
2026-05-31 18:30:16,768 - INFO - İşlenen: 95000/474185
2026-05-31 18:30:16,787 - INFO - İşlenen: 96000/474185
2026-05-31 18:30:16,808 - INFO - İşlenen: 97000/474185
2026-05-31 18:30:16,829 - INFO - İşlenen: 98000/474185
2026-05-31 18:30:16,850 - INFO - İşlenen: 99000/474185
2026-05-31 18:30:16,870 - INFO - İşlenen: 100000/474185
2026-05-31 18:30:16,891 - INFO - İşlenen: 101000/474185
2026-05-31 18:30:16,911 - INFO - İşlenen: 102000/474185
2026-05-31 18:30:16,931 - INFO - İşlenen: 103000/474185
2026-05-31 18:30:16,951 - INFO - İşlenen: 104000/474185
2026-05-31 18:30:16,971 - INFO - İşlenen: 105000/474185
2026-05-31 18:30:16,991 - INFO - İşlenen: 106000/474185
2026-05-31 18:30:17,011 - INFO - İşlenen: 107000/474185
2026-05-31 18:30:17,031 - INFO - İşlenen: 108000/474185
2026-05-31 18:30:17,050 - INFO - İşlenen: 109000/474185
2026-05-31 18:30:17,070 - INFO - İşlenen: 110000/474185
2026-05-31 18:30:17,097 - INFO - İşlenen: 111000/474185
2026-05-31 18:30:17,117 - INFO - İşlenen: 112000/474185
2026-05-31 18:30:17,137 - INFO - İşlenen: 113000/474185
2026-05-31 18:30:17,157 - INFO - İşlenen: 114000/474185
2026-05-31 18:30:17,177 - INFO - İşlenen: 115000/474185
2026-05-31 18:30:17,197 - INFO - İşlenen: 116000/474185
2026-05-31 18:30:17,218 - INFO - İşlenen: 117000/474185
2026-05-31 18:30:17,238 - INFO - İşlenen: 118000/474185
2026-05-31 18:30:17,259 - INFO - İşlenen: 119000/474185
2026-05-31 18:30:17,279 - INFO - İşlenen: 120000/474185
2026-05-31 18:30:17,299 - INFO - İşlenen: 121000/474185
2026-05-31 18:30:17,319 - INFO - İşlenen: 122000/474185
2026-05-31 18:30:17,340 - INFO - İşlenen: 123000/474185
2026-05-31 18:30:17,360 - INFO - İşlenen: 124000/474185
2026-05-31 18:30:17,379 - INFO - İşlenen: 125000/474185
2026-05-31 18:30:17,399 - INFO - İşlenen: 126000/474185
2026-05-31 18:30:17,418 - INFO - İşlenen: 127000/474185
2026-05-31 18:30:17,438 - INFO - İşlenen: 128000/474185
2026-05-31 18:30:17,459 - INFO - İşlenen: 129000/474185
2026-05-31 18:30:17,479 - INFO - İşlenen: 130000/474185
2026-05-31 18:30:17,501 - INFO - İşlenen: 131000/474185
2026-05-31 18:30:17,521 - INFO - İşlenen: 132000/474185
2026-05-31 18:30:17,542 - INFO - İşlenen: 133000/474185
2026-05-31 18:30:17,563 - INFO - İşlenen: 134000/474185
2026-05-31 18:30:17,584 - INFO - İşlenen: 135000/474185
2026-05-31 18:30:17,604 - INFO - İşlenen: 136000/474185
2026-05-31 18:30:17,624 - INFO - İşlenen: 137000/474185
2026-05-31 18:30:17,645 - INFO - İşlenen: 138000/474185
2026-05-31 18:30:17,665 - INFO - İşlenen: 139000/474185
2026-05-31 18:30:17,685 - INFO - İşlenen: 140000/474185
2026-05-31 18:30:17,705 - INFO - İşlenen: 141000/474185
2026-05-31 18:30:17,725 - INFO - İşlenen: 142000/474185
2026-05-31 18:30:17,745 - INFO - İşlenen: 143000/474185
2026-05-31 18:30:17,765 - INFO - İşlenen: 144000/474185
2026-05-31 18:30:17,785 - INFO - İşlenen: 145000/474185
2026-05-31 18:30:17,804 - INFO - İşlenen: 146000/474185
2026-05-31 18:30:17,824 - INFO - İşlenen: 147000/474185
2026-05-31 18:30:17,844 - INFO - İşlenen: 148000/474185
2026-05-31 18:30:17,864 - INFO - İşlenen: 149000/474185
2026-05-31 18:30:17,884 - INFO - İşlenen: 150000/474185
2026-05-31 18:30:17,905 - INFO - İşlenen: 151000/474185
2026-05-31 18:30:17,925 - INFO - İşlenen: 152000/474185
2026-05-31 18:30:17,946 - INFO - İşlenen: 153000/474185
2026-05-31 18:30:17,966 - INFO - İşlenen: 154000/474185
2026-05-31 18:30:17,986 - INFO - İşlenen: 155000/474185
2026-05-31 18:30:18,006 - INFO - İşlenen: 156000/474185
2026-05-31 18:30:18,026 - INFO - İşlenen: 157000/474185
2026-05-31 18:30:18,046 - INFO - İşlenen: 158000/474185
2026-05-31 18:30:18,065 - INFO - İşlenen: 159000/474185
2026-05-31 18:30:18,085 - INFO - İşlenen: 160000/474185
2026-05-31 18:30:18,105 - INFO - İşlenen: 161000/474185
2026-05-31 18:30:18,125 - INFO - İşlenen: 162000/474185
2026-05-31 18:30:18,149 - INFO - İşlenen: 163000/474185
2026-05-31 18:30:18,169 - INFO - İşlenen: 164000/474185
2026-05-31 18:30:18,188 - INFO - İşlenen: 165000/474185
2026-05-31 18:30:18,208 - INFO - İşlenen: 166000/474185
2026-05-31 18:30:18,227 - INFO - İşlenen: 167000/474185
2026-05-31 18:30:18,246 - INFO - İşlenen: 168000/474185
2026-05-31 18:30:18,266 - INFO - İşlenen: 169000/474185
2026-05-31 18:30:18,286 - INFO - İşlenen: 170000/474185
2026-05-31 18:30:18,306 - INFO - İşlenen: 171000/474185
2026-05-31 18:30:18,325 - INFO - İşlenen: 172000/474185
2026-05-31 18:30:18,346 - INFO - İşlenen: 173000/474185
2026-05-31 18:30:18,366 - INFO - İşlenen: 174000/474185
2026-05-31 18:30:18,385 - INFO - İşlenen: 175000/474185
2026-05-31 18:30:18,406 - INFO - İşlenen: 176000/474185
2026-05-31 18:30:18,426 - INFO - İşlenen: 177000/474185
2026-05-31 18:30:18,446 - INFO - İşlenen: 178000/474185
2026-05-31 18:30:18,466 - INFO - İşlenen: 179000/474185
2026-05-31 18:30:18,485 - INFO - İşlenen: 180000/474185
2026-05-31 18:30:18,505 - INFO - İşlenen: 181000/474185
2026-05-31 18:30:18,524 - INFO - İşlenen: 182000/474185
2026-05-31 18:30:18,544 - INFO - İşlenen: 183000/474185
2026-05-31 18:30:18,563 - INFO - İşlenen: 184000/474185
2026-05-31 18:30:18,582 - INFO - İşlenen: 185000/474185
2026-05-31 18:30:18,601 - INFO - İşlenen: 186000/474185
2026-05-31 18:30:18,620 - INFO - İşlenen: 187000/474185
2026-05-31 18:30:18,640 - INFO - İşlenen: 188000/474185
2026-05-31 18:30:18,660 - INFO - İşlenen: 189000/474185
2026-05-31 18:30:18,680 - INFO - İşlenen: 190000/474185
2026-05-31 18:30:18,697 - INFO - İşlenen: 191000/474185
2026-05-31 18:30:18,717 - INFO - İşlenen: 192000/474185
2026-05-31 18:30:18,737 - INFO - İşlenen: 193000/474185
2026-05-31 18:30:18,757 - INFO - İşlenen: 194000/474185
2026-05-31 18:30:18,777 - INFO - İşlenen: 195000/474185
2026-05-31 18:30:18,797 - INFO - İşlenen: 196000/474185
2026-05-31 18:30:18,816 - INFO - İşlenen: 197000/474185
2026-05-31 18:30:18,836 - INFO - İşlenen: 198000/474185
2026-05-31 18:30:18,856 - INFO - İşlenen: 199000/474185
2026-05-31 18:30:18,875 - INFO - İşlenen: 200000/474185
2026-05-31 18:30:18,895 - INFO - İşlenen: 201000/474185
2026-05-31 18:30:18,915 - INFO - İşlenen: 202000/474185
2026-05-31 18:30:18,934 - INFO - İşlenen: 203000/474185
2026-05-31 18:30:18,954 - INFO - İşlenen: 204000/474185
2026-05-31 18:30:18,968 - INFO - İşlenen: 205000/474185
2026-05-31 18:30:18,988 - INFO - İşlenen: 206000/474185
2026-05-31 18:30:19,008 - INFO - İşlenen: 207000/474185
2026-05-31 18:30:19,028 - INFO - İşlenen: 208000/474185
2026-05-31 18:30:19,048 - INFO - İşlenen: 209000/474185
2026-05-31 18:30:19,069 - INFO - İşlenen: 210000/474185
2026-05-31 18:30:19,089 - INFO - İşlenen: 211000/474185
2026-05-31 18:30:19,108 - INFO - İşlenen: 212000/474185
2026-05-31 18:30:19,128 - INFO - İşlenen: 213000/474185
2026-05-31 18:30:19,148 - INFO - İşlenen: 214000/474185
2026-05-31 18:30:19,167 - INFO - İşlenen: 215000/474185
2026-05-31 18:30:19,187 - INFO - İşlenen: 216000/474185
2026-05-31 18:30:19,207 - INFO - İşlenen: 217000/474185
2026-05-31 18:30:19,227 - INFO - İşlenen: 218000/474185
2026-05-31 18:30:19,248 - INFO - İşlenen: 219000/474185
2026-05-31 18:30:19,268 - INFO - İşlenen: 220000/474185
2026-05-31 18:30:19,288 - INFO - İşlenen: 221000/474185
2026-05-31 18:30:19,308 - INFO - İşlenen: 222000/474185
2026-05-31 18:30:19,326 - INFO - İşlenen: 223000/474185
2026-05-31 18:30:19,369 - INFO - İşlenen: 224000/474185
2026-05-31 18:30:19,390 - INFO - İşlenen: 225000/474185
2026-05-31 18:30:19,411 - INFO - İşlenen: 226000/474185
2026-05-31 18:30:19,431 - INFO - İşlenen: 227000/474185
2026-05-31 18:30:19,448 - INFO - İşlenen: 228000/474185
2026-05-31 18:30:19,469 - INFO - İşlenen: 229000/474185
2026-05-31 18:30:19,489 - INFO - İşlenen: 230000/474185
2026-05-31 18:30:19,510 - INFO - İşlenen: 231000/474185
2026-05-31 18:30:19,529 - INFO - İşlenen: 232000/474185
2026-05-31 18:30:19,549 - INFO - İşlenen: 233000/474185
2026-05-31 18:30:19,570 - INFO - İşlenen: 234000/474185
2026-05-31 18:30:19,591 - INFO - İşlenen: 235000/474185
2026-05-31 18:30:19,612 - INFO - İşlenen: 236000/474185
2026-05-31 18:30:19,632 - INFO - İşlenen: 237000/474185
2026-05-31 18:30:19,652 - INFO - İşlenen: 238000/474185
2026-05-31 18:30:19,673 - INFO - İşlenen: 239000/474185
2026-05-31 18:30:19,694 - INFO - İşlenen: 240000/474185
2026-05-31 18:30:19,714 - INFO - İşlenen: 241000/474185
2026-05-31 18:30:19,736 - INFO - İşlenen: 242000/474185
2026-05-31 18:30:19,756 - INFO - İşlenen: 243000/474185
2026-05-31 18:30:19,776 - INFO - İşlenen: 244000/474185
2026-05-31 18:30:19,797 - INFO - İşlenen: 245000/474185
2026-05-31 18:30:19,817 - INFO - İşlenen: 246000/474185
2026-05-31 18:30:19,838 - INFO - İşlenen: 247000/474185
2026-05-31 18:30:19,859 - INFO - İşlenen: 248000/474185
2026-05-31 18:30:19,880 - INFO - İşlenen: 249000/474185
2026-05-31 18:30:19,903 - INFO - İşlenen: 250000/474185
2026-05-31 18:30:19,924 - INFO - İşlenen: 251000/474185
2026-05-31 18:30:19,945 - INFO - İşlenen: 252000/474185
2026-05-31 18:30:19,965 - INFO - İşlenen: 253000/474185
2026-05-31 18:30:19,985 - INFO - İşlenen: 254000/474185
2026-05-31 18:30:20,005 - INFO - İşlenen: 255000/474185
2026-05-31 18:30:20,024 - INFO - İşlenen: 256000/474185
2026-05-31 18:30:20,044 - INFO - İşlenen: 257000/474185
2026-05-31 18:30:20,065 - INFO - İşlenen: 258000/474185
2026-05-31 18:30:20,086 - INFO - İşlenen: 259000/474185
2026-05-31 18:30:20,107 - INFO - İşlenen: 260000/474185
2026-05-31 18:30:20,128 - INFO - İşlenen: 261000/474185
2026-05-31 18:30:20,148 - INFO - İşlenen: 262000/474185
2026-05-31 18:30:20,169 - INFO - İşlenen: 263000/474185
2026-05-31 18:30:20,190 - INFO - İşlenen: 264000/474185
2026-05-31 18:30:20,211 - INFO - İşlenen: 265000/474185
2026-05-31 18:30:20,232 - INFO - İşlenen: 266000/474185
2026-05-31 18:30:20,252 - INFO - İşlenen: 267000/474185
2026-05-31 18:30:20,273 - INFO - İşlenen: 268000/474185
2026-05-31 18:30:20,292 - INFO - İşlenen: 269000/474185
2026-05-31 18:30:20,312 - INFO - İşlenen: 270000/474185
2026-05-31 18:30:20,332 - INFO - İşlenen: 271000/474185
2026-05-31 18:30:20,352 - INFO - İşlenen: 272000/474185
2026-05-31 18:30:20,373 - INFO - İşlenen: 273000/474185
2026-05-31 18:30:20,394 - INFO - İşlenen: 274000/474185
2026-05-31 18:30:20,415 - INFO - İşlenen: 275000/474185
2026-05-31 18:30:20,435 - INFO - İşlenen: 276000/474185
2026-05-31 18:30:20,455 - INFO - İşlenen: 277000/474185
2026-05-31 18:30:20,476 - INFO - İşlenen: 278000/474185
2026-05-31 18:30:20,497 - INFO - İşlenen: 279000/474185
2026-05-31 18:30:20,517 - INFO - İşlenen: 280000/474185
2026-05-31 18:30:20,537 - INFO - İşlenen: 281000/474185
2026-05-31 18:30:20,557 - INFO - İşlenen: 282000/474185
2026-05-31 18:30:20,578 - INFO - İşlenen: 283000/474185
2026-05-31 18:30:20,599 - INFO - İşlenen: 284000/474185
2026-05-31 18:30:20,619 - INFO - İşlenen: 285000/474185
2026-05-31 18:30:20,640 - INFO - İşlenen: 286000/474185
2026-05-31 18:30:20,659 - INFO - İşlenen: 287000/474185
2026-05-31 18:30:20,679 - INFO - İşlenen: 288000/474185
2026-05-31 18:30:20,700 - INFO - İşlenen: 289000/474185
2026-05-31 18:30:20,720 - INFO - İşlenen: 290000/474185
2026-05-31 18:30:20,741 - INFO - İşlenen: 291000/474185
2026-05-31 18:30:20,762 - INFO - İşlenen: 292000/474185
2026-05-31 18:30:20,783 - INFO - İşlenen: 293000/474185
2026-05-31 18:30:20,803 - INFO - İşlenen: 294000/474185
2026-05-31 18:30:20,824 - INFO - İşlenen: 295000/474185
2026-05-31 18:30:20,845 - INFO - İşlenen: 296000/474185
2026-05-31 18:30:20,866 - INFO - İşlenen: 297000/474185
2026-05-31 18:30:20,887 - INFO - İşlenen: 298000/474185
2026-05-31 18:30:20,908 - INFO - İşlenen: 299000/474185
2026-05-31 18:30:20,927 - INFO - İşlenen: 300000/474185
2026-05-31 18:30:20,948 - INFO - İşlenen: 301000/474185
2026-05-31 18:30:20,968 - INFO - İşlenen: 302000/474185
2026-05-31 18:30:20,989 - INFO - İşlenen: 303000/474185
2026-05-31 18:30:21,009 - INFO - İşlenen: 304000/474185
2026-05-31 18:30:21,030 - INFO - İşlenen: 305000/474185
2026-05-31 18:30:21,051 - INFO - İşlenen: 306000/474185
2026-05-31 18:30:21,072 - INFO - İşlenen: 307000/474185
2026-05-31 18:30:21,093 - INFO - İşlenen: 308000/474185
2026-05-31 18:30:21,112 - INFO - İşlenen: 309000/474185
2026-05-31 18:30:21,131 - INFO - İşlenen: 310000/474185
2026-05-31 18:30:21,151 - INFO - İşlenen: 311000/474185
2026-05-31 18:30:21,171 - INFO - İşlenen: 312000/474185
2026-05-31 18:30:21,192 - INFO - İşlenen: 313000/474185
2026-05-31 18:30:21,212 - INFO - İşlenen: 314000/474185
2026-05-31 18:30:21,232 - INFO - İşlenen: 315000/474185
2026-05-31 18:30:21,251 - INFO - İşlenen: 316000/474185
2026-05-31 18:30:21,270 - INFO - İşlenen: 317000/474185
2026-05-31 18:30:21,289 - INFO - İşlenen: 318000/474185
2026-05-31 18:30:21,308 - INFO - İşlenen: 319000/474185
2026-05-31 18:30:21,327 - INFO - İşlenen: 320000/474185
2026-05-31 18:30:21,346 - INFO - İşlenen: 321000/474185
2026-05-31 18:30:21,365 - INFO - İşlenen: 322000/474185
2026-05-31 18:30:21,385 - INFO - İşlenen: 323000/474185
2026-05-31 18:30:21,414 - INFO - İşlenen: 324000/474185
2026-05-31 18:30:21,433 - INFO - İşlenen: 325000/474185
2026-05-31 18:30:21,452 - INFO - İşlenen: 326000/474185
2026-05-31 18:30:21,471 - INFO - İşlenen: 327000/474185
2026-05-31 18:30:21,490 - INFO - İşlenen: 328000/474185
2026-05-31 18:30:21,509 - INFO - İşlenen: 329000/474185
2026-05-31 18:30:21,528 - INFO - İşlenen: 330000/474185
2026-05-31 18:30:21,547 - INFO - İşlenen: 331000/474185
2026-05-31 18:30:21,565 - INFO - İşlenen: 332000/474185
2026-05-31 18:30:21,586 - INFO - İşlenen: 333000/474185
2026-05-31 18:30:21,605 - INFO - İşlenen: 334000/474185
2026-05-31 18:30:21,625 - INFO - İşlenen: 335000/474185
2026-05-31 18:30:21,646 - INFO - İşlenen: 336000/474185
2026-05-31 18:30:21,667 - INFO - İşlenen: 337000/474185
2026-05-31 18:30:21,688 - INFO - İşlenen: 338000/474185
2026-05-31 18:30:21,710 - INFO - İşlenen: 339000/474185
2026-05-31 18:30:21,730 - INFO - İşlenen: 340000/474185
2026-05-31 18:30:21,751 - INFO - İşlenen: 341000/474185
2026-05-31 18:30:21,768 - INFO - İşlenen: 342000/474185
2026-05-31 18:30:21,789 - INFO - İşlenen: 343000/474185
2026-05-31 18:30:21,809 - INFO - İşlenen: 344000/474185
2026-05-31 18:30:21,832 - INFO - İşlenen: 345000/474185
2026-05-31 18:30:21,853 - INFO - İşlenen: 346000/474185
2026-05-31 18:30:21,873 - INFO - İşlenen: 347000/474185
2026-05-31 18:30:21,894 - INFO - İşlenen: 348000/474185
2026-05-31 18:30:21,914 - INFO - İşlenen: 349000/474185
2026-05-31 18:30:21,934 - INFO - İşlenen: 350000/474185
2026-05-31 18:30:21,954 - INFO - İşlenen: 351000/474185
2026-05-31 18:30:21,974 - INFO - İşlenen: 352000/474185
2026-05-31 18:30:21,995 - INFO - İşlenen: 353000/474185
2026-05-31 18:30:22,015 - INFO - İşlenen: 354000/474185
2026-05-31 18:30:22,033 - INFO - İşlenen: 355000/474185
2026-05-31 18:30:22,053 - INFO - İşlenen: 356000/474185
2026-05-31 18:30:22,074 - INFO - İşlenen: 357000/474185
2026-05-31 18:30:22,094 - INFO - İşlenen: 358000/474185
2026-05-31 18:30:22,115 - INFO - İşlenen: 359000/474185
2026-05-31 18:30:22,135 - INFO - İşlenen: 360000/474185
2026-05-31 18:30:22,155 - INFO - İşlenen: 361000/474185
2026-05-31 18:30:22,174 - INFO - İşlenen: 362000/474185
2026-05-31 18:30:22,194 - INFO - İşlenen: 363000/474185
2026-05-31 18:30:22,214 - INFO - İşlenen: 364000/474185
2026-05-31 18:30:22,234 - INFO - İşlenen: 365000/474185
2026-05-31 18:30:22,254 - INFO - İşlenen: 366000/474185
2026-05-31 18:30:22,273 - INFO - İşlenen: 367000/474185
2026-05-31 18:30:22,293 - INFO - İşlenen: 368000/474185
2026-05-31 18:30:22,313 - INFO - İşlenen: 369000/474185
2026-05-31 18:30:22,332 - INFO - İşlenen: 370000/474185
2026-05-31 18:30:22,351 - INFO - İşlenen: 371000/474185
2026-05-31 18:30:22,372 - INFO - İşlenen: 372000/474185
2026-05-31 18:30:22,391 - INFO - İşlenen: 373000/474185
2026-05-31 18:30:22,411 - INFO - İşlenen: 374000/474185
2026-05-31 18:30:22,430 - INFO - İşlenen: 375000/474185
2026-05-31 18:30:22,450 - INFO - İşlenen: 376000/474185
2026-05-31 18:30:22,470 - INFO - İşlenen: 377000/474185
2026-05-31 18:30:22,489 - INFO - İşlenen: 378000/474185
2026-05-31 18:30:22,509 - INFO - İşlenen: 379000/474185
2026-05-31 18:30:22,528 - INFO - İşlenen: 380000/474185
2026-05-31 18:30:22,547 - INFO - İşlenen: 381000/474185
2026-05-31 18:30:22,567 - INFO - İşlenen: 382000/474185
2026-05-31 18:30:22,587 - INFO - İşlenen: 383000/474185
2026-05-31 18:30:22,607 - INFO - İşlenen: 384000/474185
2026-05-31 18:30:22,627 - INFO - İşlenen: 385000/474185
2026-05-31 18:30:22,647 - INFO - İşlenen: 386000/474185
2026-05-31 18:30:22,667 - INFO - İşlenen: 387000/474185
2026-05-31 18:30:22,687 - INFO - İşlenen: 388000/474185
2026-05-31 18:30:22,708 - INFO - İşlenen: 389000/474185
2026-05-31 18:30:22,728 - INFO - İşlenen: 390000/474185
2026-05-31 18:30:22,748 - INFO - İşlenen: 391000/474185
2026-05-31 18:30:22,768 - INFO - İşlenen: 392000/474185
2026-05-31 18:30:22,787 - INFO - İşlenen: 393000/474185
2026-05-31 18:30:22,807 - INFO - İşlenen: 394000/474185
2026-05-31 18:30:22,826 - INFO - İşlenen: 395000/474185
2026-05-31 18:30:22,847 - INFO - İşlenen: 396000/474185
2026-05-31 18:30:22,866 - INFO - İşlenen: 397000/474185
2026-05-31 18:30:22,886 - INFO - İşlenen: 398000/474185
2026-05-31 18:30:22,905 - INFO - İşlenen: 399000/474185
2026-05-31 18:30:22,925 - INFO - İşlenen: 400000/474185
2026-05-31 18:30:22,945 - INFO - İşlenen: 401000/474185
2026-05-31 18:30:22,965 - INFO - İşlenen: 402000/474185
2026-05-31 18:30:22,984 - INFO - İşlenen: 403000/474185
2026-05-31 18:30:23,004 - INFO - İşlenen: 404000/474185
2026-05-31 18:30:23,022 - INFO - İşlenen: 405000/474185
2026-05-31 18:30:23,041 - INFO - İşlenen: 406000/474185
2026-05-31 18:30:23,060 - INFO - İşlenen: 407000/474185
2026-05-31 18:30:23,079 - INFO - İşlenen: 408000/474185
2026-05-31 18:30:23,099 - INFO - İşlenen: 409000/474185
2026-05-31 18:30:23,118 - INFO - İşlenen: 410000/474185
2026-05-31 18:30:23,138 - INFO - İşlenen: 411000/474185
2026-05-31 18:30:23,158 - INFO - İşlenen: 412000/474185
2026-05-31 18:30:23,179 - INFO - İşlenen: 413000/474185
2026-05-31 18:30:23,200 - INFO - İşlenen: 414000/474185
2026-05-31 18:30:23,220 - INFO - İşlenen: 415000/474185
2026-05-31 18:30:23,240 - INFO - İşlenen: 416000/474185
2026-05-31 18:30:23,261 - INFO - İşlenen: 417000/474185
2026-05-31 18:30:23,282 - INFO - İşlenen: 418000/474185
2026-05-31 18:30:23,306 - INFO - İşlenen: 419000/474185
2026-05-31 18:30:23,325 - INFO - İşlenen: 420000/474185
2026-05-31 18:30:23,346 - INFO - İşlenen: 421000/474185
2026-05-31 18:30:23,366 - INFO - İşlenen: 422000/474185
2026-05-31 18:30:23,386 - INFO - İşlenen: 423000/474185
2026-05-31 18:30:23,406 - INFO - İşlenen: 424000/474185
2026-05-31 18:30:23,425 - INFO - İşlenen: 425000/474185
2026-05-31 18:30:23,445 - INFO - İşlenen: 426000/474185
2026-05-31 18:30:23,465 - INFO - İşlenen: 427000/474185
2026-05-31 18:30:23,486 - INFO - İşlenen: 428000/474185
2026-05-31 18:30:23,506 - INFO - İşlenen: 429000/474185
2026-05-31 18:30:23,526 - INFO - İşlenen: 430000/474185
2026-05-31 18:30:23,546 - INFO - İşlenen: 431000/474185
2026-05-31 18:30:23,565 - INFO - İşlenen: 432000/474185
2026-05-31 18:30:23,585 - INFO - İşlenen: 433000/474185
2026-05-31 18:30:23,605 - INFO - İşlenen: 434000/474185
2026-05-31 18:30:23,625 - INFO - İşlenen: 435000/474185
2026-05-31 18:30:23,645 - INFO - İşlenen: 436000/474185
2026-05-31 18:30:23,665 - INFO - İşlenen: 437000/474185
2026-05-31 18:30:23,685 - INFO - İşlenen: 438000/474185
2026-05-31 18:30:23,705 - INFO - İşlenen: 439000/474185
2026-05-31 18:30:23,726 - INFO - İşlenen: 440000/474185
2026-05-31 18:30:23,746 - INFO - İşlenen: 441000/474185
2026-05-31 18:30:23,767 - INFO - İşlenen: 442000/474185
2026-05-31 18:30:23,786 - INFO - İşlenen: 443000/474185
2026-05-31 18:30:23,807 - INFO - İşlenen: 444000/474185
2026-05-31 18:30:23,828 - INFO - İşlenen: 445000/474185
2026-05-31 18:30:23,848 - INFO - İşlenen: 446000/474185
2026-05-31 18:30:23,868 - INFO - İşlenen: 447000/474185
2026-05-31 18:30:23,889 - INFO - İşlenen: 448000/474185
2026-05-31 18:30:23,909 - INFO - İşlenen: 449000/474185
2026-05-31 18:30:23,930 - INFO - İşlenen: 450000/474185
2026-05-31 18:30:23,950 - INFO - İşlenen: 451000/474185
2026-05-31 18:30:23,972 - INFO - İşlenen: 452000/474185
2026-05-31 18:30:23,994 - INFO - İşlenen: 453000/474185
2026-05-31 18:30:24,014 - INFO - İşlenen: 454000/474185
2026-05-31 18:30:24,035 - INFO - İşlenen: 455000/474185
2026-05-31 18:30:24,057 - INFO - İşlenen: 456000/474185
2026-05-31 18:30:24,076 - INFO - İşlenen: 457000/474185
2026-05-31 18:30:24,096 - INFO - İşlenen: 458000/474185
2026-05-31 18:30:24,117 - INFO - İşlenen: 459000/474185
2026-05-31 18:30:24,136 - INFO - İşlenen: 460000/474185
2026-05-31 18:30:24,156 - INFO - İşlenen: 461000/474185
2026-05-31 18:30:24,176 - INFO - İşlenen: 462000/474185
2026-05-31 18:30:24,195 - INFO - İşlenen: 463000/474185
2026-05-31 18:30:24,216 - INFO - İşlenen: 464000/474185
2026-05-31 18:30:24,238 - INFO - İşlenen: 465000/474185
2026-05-31 18:30:24,257 - INFO - İşlenen: 466000/474185
2026-05-31 18:30:24,278 - INFO - İşlenen: 467000/474185
2026-05-31 18:30:24,297 - INFO - İşlenen: 468000/474185
2026-05-31 18:30:24,314 - INFO - İşlenen: 469000/474185
2026-05-31 18:30:24,332 - INFO - İşlenen: 470000/474185
2026-05-31 18:30:24,354 - INFO - İşlenen: 471000/474185
2026-05-31 18:30:24,378 - INFO - İşlenen: 472000/474185
2026-05-31 18:30:24,402 - INFO - İşlenen: 473000/474185
2026-05-31 18:30:24,422 - INFO - İşlenen: 474000/474185
2026-05-31 18:30:24,428 - INFO - ips: 14327 entry
2026-05-31 18:30:24,772 - INFO - urls: 459835 entry
2026-05-31 18:30:25,022 - INFO - domains_pihole: 456297 entry
2026-05-31 18:30:25,231 - INFO - domains_adblock: 363684 entry
2026-05-31 18:30:25,255 - INFO - Çıktı dosyaları yazılıyor...
2026-05-31 18:30:25,258 - INFO - ips.txt dosyası yazıldı (14327 entry)
2026-05-31 18:30:25,364 - INFO - urls.txt dosyası yazıldı (459835 entry)
2026-05-31 18:30:25,462 - INFO - urls_pihole.txt dosyası yazıldı (456297 entry)
2026-05-31 18:30:25,544 - INFO - urls_UBL.txt dosyası yazıldı (363684 entry)
2026-05-31 18:30:25,544 - INFO - İşlem başarıyla tamamlandı!
2026-05-31 18:30:25,604 - INFO - === İşlem Başarıyla Tamamlandı (23.8s) ===
